\BOOKMARK [1][-]{section.1}{1. Introduction}{}% 1
\BOOKMARK [1][-]{section*.2}{Notation}{}% 2
\BOOKMARK [1][-]{section*.3}{Acknowledgements}{}% 3
\BOOKMARK [1][-]{section.2}{2. Tilde-limits of rigid groups}{}% 4
\BOOKMARK [2][-]{subsection.2.1}{2.1. A condition ensuring that the tilde-limit exists}{section.2}% 5
\BOOKMARK [2][-]{subsection.2.2}{2.2. A condition ensuring that the tilde-limit is perfectoid}{section.2}% 6
\BOOKMARK [2][-]{subsection.2.3}{2.3. A few consequences}{section.2}% 7
\BOOKMARK [1][-]{section.3}{3. Formal models for tori}{}% 8
\BOOKMARK [2][-]{subsection.3.1}{3.1. A family of explicit covers}{section.3}% 9
\BOOKMARK [2][-]{subsection.3.2}{3.2. A family of formal models}{section.3}% 10
\BOOKMARK [2][-]{subsection.3.3}{3.3. A family of formal models for p-multiplication}{section.3}% 11
\BOOKMARK [2][-]{subsection.3.4}{3.4. The action of T}{section.3}% 12
\BOOKMARK [2][-]{subsection.3.5}{3.5. The case of general tori}{section.3}% 13
\BOOKMARK [1][-]{section.4}{4. Raynaud extensions as principal bundles of formal and rigid spaces}{}% 14
\BOOKMARK [1][-]{section.5}{5. Formal models for E}{}% 15
\BOOKMARK [1][-]{section.6}{6. The case of abelian varieties with semi-stable reduction}{}% 16
\BOOKMARK [2][-]{subsection.6.1}{6.1. Covering A by subspaces of E}{section.6}% 17
\BOOKMARK [2][-]{subsection.6.2}{6.2. The two towers}{section.6}% 18
\BOOKMARK [2][-]{subsection.6.3}{6.3. Constructing a limit of the vertical tower}{section.6}% 19
\BOOKMARK [2][-]{subsection.6.4}{6.4. Constructing a limit of the horizontal tower}{section.6}% 20
\BOOKMARK [2][-]{subsection.6.5}{6.5. The diagonal tower: proof of the main theorem}{section.6}% 21
\BOOKMARK [1][-]{section.7}{7. Limits of the covering maps}{}% 22
\BOOKMARK [1][-]{appendix.A}{Appendix A. Fibre bundles of formal and rigid spaces}{}% 23
\BOOKMARK [2][-]{subsection.A.1}{A.1. The semi-linear case}{appendix.A}% 24
\BOOKMARK [1][-]{section*.4}{References}{}% 25
